INFO [2023-05-22 14:49:13] $x
INFO [2023-05-22 14:49:13] list(unique(as.character(male_event_counts$Var1)), unique(as.character(female_event_counts$Var1)))
INFO [2023-05-22 14:49:13] 
INFO [2023-05-22 14:49:13] $category.names
INFO [2023-05-22 14:49:13] c("Male Sex-biased\nAdverse Event", "Female Sex-biased\nAdverse Event")
INFO [2023-05-22 14:49:13] 
INFO [2023-05-22 14:49:13] $filename
INFO [2023-05-22 14:49:13] [1] "~/results/FARES_plots/Sex_bias_ae_venn_diagram.png"
INFO [2023-05-22 14:49:13] 
INFO [2023-05-22 14:49:13] $output
INFO [2023-05-22 14:49:13] [1] TRUE
INFO [2023-05-22 14:49:13] 
INFO [2023-05-22 14:49:13] $imagetype
INFO [2023-05-22 14:49:13] [1] "png"
INFO [2023-05-22 14:49:13] 
INFO [2023-05-22 14:49:13] $height
INFO [2023-05-22 14:49:13] [1] 1000
INFO [2023-05-22 14:49:13] 
INFO [2023-05-22 14:49:13] $width
INFO [2023-05-22 14:49:13] [1] 1000
INFO [2023-05-22 14:49:13] 
INFO [2023-05-22 14:49:13] $resolution
INFO [2023-05-22 14:49:13] [1] 300
INFO [2023-05-22 14:49:13] 
INFO [2023-05-22 14:49:13] $compression
INFO [2023-05-22 14:49:13] [1] "lzw"
INFO [2023-05-22 14:49:13] 
INFO [2023-05-22 14:49:13] $lwd
INFO [2023-05-22 14:49:13] [1] 2
INFO [2023-05-22 14:49:13] 
INFO [2023-05-22 14:49:13] $lty
INFO [2023-05-22 14:49:13] [1] "blank"
INFO [2023-05-22 14:49:13] 
INFO [2023-05-22 14:49:13] $fill
INFO [2023-05-22 14:49:13] myCol
INFO [2023-05-22 14:49:13] 
INFO [2023-05-22 14:49:13] $cex
INFO [2023-05-22 14:49:13] [1] 3
INFO [2023-05-22 14:49:13] 
INFO [2023-05-22 14:49:13] $fontface
INFO [2023-05-22 14:49:13] [1] "bold"
INFO [2023-05-22 14:49:13] 
INFO [2023-05-22 14:49:13] $fontfamily
INFO [2023-05-22 14:49:13] [1] "sans"
INFO [2023-05-22 14:49:13] 
INFO [2023-05-22 14:49:13] $cat.cex
INFO [2023-05-22 14:49:13] [1] 1
INFO [2023-05-22 14:49:13] 
INFO [2023-05-22 14:49:13] $cat.fontface
INFO [2023-05-22 14:49:13] [1] "bold"
INFO [2023-05-22 14:49:13] 
INFO [2023-05-22 14:49:13] $cat.default.pos
INFO [2023-05-22 14:49:13] [1] "text"
INFO [2023-05-22 14:49:13] 
INFO [2023-05-22 14:49:13] $cat.fontfamily
INFO [2023-05-22 14:49:13] [1] "sans"
INFO [2023-05-22 14:49:13] 
INFO [2023-05-22 14:49:13] $cat.pos
INFO [2023-05-22 14:49:13] c(-10, 10)
INFO [2023-05-22 14:49:13] 
INFO [2023-05-22 14:49:13] $cat.dist
INFO [2023-05-22 14:49:13] c(0.1, 0.1)
INFO [2023-05-22 14:49:13] 
