INFO [2023-04-17 14:32:00] $x
INFO [2023-04-17 14:32:00] list(unique(as.character(male_event_counts$Var1)), unique(as.character(female_event_counts$Var1)))
INFO [2023-04-17 14:32:00] 
INFO [2023-04-17 14:32:00] $category.names
INFO [2023-04-17 14:32:00] c("Male Sex-bias\nAdverse Event", "Female Sex-bias\nAdverse Event")
INFO [2023-04-17 14:32:00] 
INFO [2023-04-17 14:32:00] $filename
INFO [2023-04-17 14:32:00] [1] "~/results/FARES_plots/Sex_bias_ae_venn_diagram.png"
INFO [2023-04-17 14:32:00] 
INFO [2023-04-17 14:32:00] $output
INFO [2023-04-17 14:32:00] [1] TRUE
INFO [2023-04-17 14:32:00] 
INFO [2023-04-17 14:32:00] $imagetype
INFO [2023-04-17 14:32:00] [1] "png"
INFO [2023-04-17 14:32:00] 
INFO [2023-04-17 14:32:00] $height
INFO [2023-04-17 14:32:00] [1] 1000
INFO [2023-04-17 14:32:00] 
INFO [2023-04-17 14:32:00] $width
INFO [2023-04-17 14:32:00] [1] 1000
INFO [2023-04-17 14:32:00] 
INFO [2023-04-17 14:32:00] $resolution
INFO [2023-04-17 14:32:00] [1] 300
INFO [2023-04-17 14:32:00] 
INFO [2023-04-17 14:32:00] $compression
INFO [2023-04-17 14:32:00] [1] "lzw"
INFO [2023-04-17 14:32:00] 
INFO [2023-04-17 14:32:00] $lwd
INFO [2023-04-17 14:32:00] [1] 2
INFO [2023-04-17 14:32:00] 
INFO [2023-04-17 14:32:00] $lty
INFO [2023-04-17 14:32:00] [1] "blank"
INFO [2023-04-17 14:32:00] 
INFO [2023-04-17 14:32:00] $fill
INFO [2023-04-17 14:32:00] myCol
INFO [2023-04-17 14:32:00] 
INFO [2023-04-17 14:32:00] $cex
INFO [2023-04-17 14:32:00] [1] 3
INFO [2023-04-17 14:32:00] 
INFO [2023-04-17 14:32:00] $fontface
INFO [2023-04-17 14:32:00] [1] "bold"
INFO [2023-04-17 14:32:00] 
INFO [2023-04-17 14:32:00] $fontfamily
INFO [2023-04-17 14:32:00] [1] "sans"
INFO [2023-04-17 14:32:00] 
INFO [2023-04-17 14:32:00] $cat.cex
INFO [2023-04-17 14:32:00] [1] 1
INFO [2023-04-17 14:32:00] 
INFO [2023-04-17 14:32:00] $cat.fontface
INFO [2023-04-17 14:32:00] [1] "bold"
INFO [2023-04-17 14:32:00] 
INFO [2023-04-17 14:32:00] $cat.default.pos
INFO [2023-04-17 14:32:00] [1] "text"
INFO [2023-04-17 14:32:00] 
INFO [2023-04-17 14:32:00] $cat.fontfamily
INFO [2023-04-17 14:32:00] [1] "sans"
INFO [2023-04-17 14:32:00] 
INFO [2023-04-17 14:32:00] $cat.pos
INFO [2023-04-17 14:32:00] c(-10, 10)
INFO [2023-04-17 14:32:00] 
INFO [2023-04-17 14:32:00] $cat.dist
INFO [2023-04-17 14:32:00] c(0.1, 0.1)
INFO [2023-04-17 14:32:00] 
